<?xml version="1.0" encoding="UTF-8"?>
<testng-results ignored="0" total="1" passed="1" failed="0" skipped="0">
  <reporter-output>
  </reporter-output>
  <suite started-at="2023-03-07T07:54:19Z" name="Default suite" finished-at="2023-03-07T07:55:57Z" duration-ms="98085">
    <groups>
    </groups>
    <test started-at="2023-03-07T07:54:19Z" name="Default test" finished-at="2023-03-07T07:55:57Z" duration-ms="98085">
      <class name="org.paractice.PracticeWithAll">
        <test-method signature="method()[pri:0, instance:org.paractice.PracticeWithAll@74bf1791]" started-at="2023-03-07T07:54:19Z" name="method" finished-at="2023-03-07T07:55:57Z" duration-ms="98058" status="PASS">
          <reporter-output>
          </reporter-output>
        </test-method> <!-- method -->
      </class> <!-- org.paractice.PracticeWithAll -->
    </test> <!-- Default test -->
  </suite> <!-- Default suite -->
</testng-results>
